Using pre-set license
Built from '2020.3/release' branch; Version is '2020.3.7f1 (dd97f2c94397) revision 14522354'; Using compiler version '192528614'; Build Type 'Release'
OS: 'Windows 10 Pro; OS build 19042.631; Version 2009; 64bit' Language: 'es' Physical Memory: 14318 MB
BatchMode: 1, IsHumanControllingUs: 0, StartBugReporterOnCrash: 0, Is64bit: 1, IsPro: 0

 COMMAND LINE ARGUMENTS:
E:\unityhub\2020.3.7f1\Editor\Unity.exe
-adb2
-batchMode
-noUpm
-name
AssetImportWorker1
-projectPath
C:/Users/Manuel/Documents/Mis juegos/Byb
-logFile
Logs/AssetImportWorker1.log
-srvPort
50450
Successfully changed project path to: C:/Users/Manuel/Documents/Mis juegos/Byb
C:/Users/Manuel/Documents/Mis juegos/Byb
Using Asset Import Pipeline V2.
Refreshing native plugins compatible for Editor in 76.41 ms, found 1 plugins.
Preloading 0 native plugins for Editor in 0.00 ms.
Initialize engine version: 2020.3.7f1 (dd97f2c94397)
[Subsystems] Discovering subsystems at path E:/unityhub/2020.3.7f1/Editor/Data/Resources/UnitySubsystems
[Subsystems] Discovering subsystems at path C:/Users/Manuel/Documents/Mis juegos/Byb/Assets
GfxDevice: creating device client; threaded=0
Direct3D:
    Version:  Direct3D 11.0 [level 11.0]
    Renderer: NVIDIA GeForce GTX 750 Ti (ID=0x1380)
    Vendor:   
    VRAM:     2007 MB
    Driver:   27.21.14.6611
Initialize mono
Mono path[0] = 'E:/unityhub/2020.3.7f1/Editor/Data/Managed'
Mono path[1] = 'E:/unityhub/2020.3.7f1/Editor/Data/MonoBleedingEdge/lib/mono/unityjit'
Mono config path = 'E:/unityhub/2020.3.7f1/Editor/Data/MonoBleedingEdge/etc'
Using monoOptions --debugger-agent=transport=dt_socket,embedding=1,server=y,suspend=n,address=127.0.0.1:56080
Begin MonoManager ReloadAssembly
Registering precompiled unity dll's ...
Register platform support module: E:/unityhub/2020.3.7f1/Editor/Data/PlaybackEngines/WindowsStandaloneSupport/UnityEditor.WindowsStandalone.Extensions.dll
Registered in 0.002744 seconds.
Native extension for WindowsStandalone target not found
Refreshing native plugins compatible for Editor in 92.01 ms, found 1 plugins.
Preloading 0 native plugins for Editor in 0.00 ms.
Mono: successfully reloaded assembly
- Completed reload, in  3.626 seconds
Platform modules already initialized, skipping
Registering precompiled user dll's ...
Registered in 0.002977 seconds.
Begin MonoManager ReloadAssembly
Native extension for WindowsStandalone target not found
Refreshing native plugins compatible for Editor in 71.23 ms, found 1 plugins.
Preloading 0 native plugins for Editor in 0.00 ms.
Mono: successfully reloaded assembly
- Completed reload, in  3.570 seconds
Platform modules already initialized, skipping
========================================================================
Worker process is ready to serve import requests
Launched and connected shader compiler UnityShaderCompiler.exe after 0.32 seconds
Refreshing native plugins compatible for Editor in 0.76 ms, found 1 plugins.
Preloading 0 native plugins for Editor in 0.00 ms.
Unloading 1843 Unused Serialized files (Serialized files now loaded: 0)
System memory in use before: 87.9 MB.
System memory in use after: 87.8 MB.

Unloading 24 unused Assets to reduce memory usage. Loaded Objects now: 2288.
Total: 5.820900 ms (FindLiveObjects: 0.732900 ms CreateObjectMapping: 0.142800 ms MarkObjects: 4.505200 ms  DeleteObjects: 0.437200 ms)

========================================================================
Received Import Request.
  path: Assets/Script/Sounds.cs
  artifactKey: Guid(5dc5c852d4001ab4b978afcc85634721) Importer(815301076,1909f56bfc062723c751e8b465ee728b)
Start importing Assets/Script/Sounds.cs using Guid(5dc5c852d4001ab4b978afcc85634721) Importer(815301076,1909f56bfc062723c751e8b465ee728b)  -> (artifact id: 'e8477f5542e32e85a5b6f2406c84b6e2') in 0.168416 seconds
  Import took 0.181570 seconds .

========================================================================
Received Import Request.
  Time since last request: 90.926179 seconds.
  path: Assets/Script/Sounds.cs
  artifactKey: Guid(5dc5c852d4001ab4b978afcc85634721) Importer(815301076,1909f56bfc062723c751e8b465ee728b)
Start importing Assets/Script/Sounds.cs using Guid(5dc5c852d4001ab4b978afcc85634721) Importer(815301076,1909f56bfc062723c751e8b465ee728b)  -> (artifact id: '634dbebbd605989bd6d12871aea3b304') in 0.012089 seconds
  Import took 0.022431 seconds .

========================================================================
Received Prepare
Registering precompiled user dll's ...
Registered in 0.002250 seconds.
Begin MonoManager ReloadAssembly
Native extension for WindowsStandalone target not found
Refreshing native plugins compatible for Editor in 0.64 ms, found 1 plugins.
Preloading 0 native plugins for Editor in 0.00 ms.
Mono: successfully reloaded assembly
- Completed reload, in  1.914 seconds
Platform modules already initialized, skipping
Refreshing native plugins compatible for Editor in 0.69 ms, found 1 plugins.
Preloading 0 native plugins for Editor in 0.00 ms.
Unloading 1825 Unused Serialized files (Serialized files now loaded: 0)
System memory in use before: 86.6 MB.
System memory in use after: 86.6 MB.

Unloading 12 unused Assets to reduce memory usage. Loaded Objects now: 2292.
Total: 3.328700 ms (FindLiveObjects: 0.402200 ms CreateObjectMapping: 0.114800 ms MarkObjects: 2.622200 ms  DeleteObjects: 0.187900 ms)

========================================================================
Received Prepare
Registering precompiled user dll's ...
Registered in 0.003487 seconds.
Begin MonoManager ReloadAssembly
Native extension for WindowsStandalone target not found
Refreshing native plugins compatible for Editor in 0.78 ms, found 1 plugins.
Preloading 0 native plugins for Editor in 0.00 ms.
Mono: successfully reloaded assembly
- Completed reload, in  1.925 seconds
Platform modules already initialized, skipping
Refreshing native plugins compatible for Editor in 0.65 ms, found 1 plugins.
Preloading 0 native plugins for Editor in 0.00 ms.
Unloading 1825 Unused Serialized files (Serialized files now loaded: 0)
System memory in use before: 86.6 MB.
System memory in use after: 86.6 MB.

Unloading 12 unused Assets to reduce memory usage. Loaded Objects now: 2296.
Total: 5.488600 ms (FindLiveObjects: 1.011300 ms CreateObjectMapping: 0.219400 ms MarkObjects: 4.058600 ms  DeleteObjects: 0.197700 ms)

========================================================================
Received Prepare
Registering precompiled user dll's ...
Registered in 0.002102 seconds.
Begin MonoManager ReloadAssembly
Native extension for WindowsStandalone target not found
Refreshing native plugins compatible for Editor in 0.60 ms, found 1 plugins.
Preloading 0 native plugins for Editor in 0.00 ms.
Mono: successfully reloaded assembly
- Completed reload, in  2.117 seconds
Platform modules already initialized, skipping
Refreshing native plugins compatible for Editor in 0.69 ms, found 1 plugins.
Preloading 0 native plugins for Editor in 0.00 ms.
Unloading 1825 Unused Serialized files (Serialized files now loaded: 0)
System memory in use before: 86.6 MB.
System memory in use after: 86.6 MB.

Unloading 12 unused Assets to reduce memory usage. Loaded Objects now: 2300.
Total: 4.923200 ms (FindLiveObjects: 0.458400 ms CreateObjectMapping: 0.126100 ms MarkObjects: 4.094600 ms  DeleteObjects: 0.242000 ms)

========================================================================
Received Prepare
Registering precompiled user dll's ...
Registered in 0.002880 seconds.
Begin MonoManager ReloadAssembly
Native extension for WindowsStandalone target not found
Refreshing native plugins compatible for Editor in 0.94 ms, found 1 plugins.
Preloading 0 native plugins for Editor in 0.00 ms.
Mono: successfully reloaded assembly
- Completed reload, in  1.786 seconds
Platform modules already initialized, skipping
Refreshing native plugins compatible for Editor in 0.63 ms, found 1 plugins.
Preloading 0 native plugins for Editor in 0.00 ms.
Unloading 1825 Unused Serialized files (Serialized files now loaded: 0)
System memory in use before: 86.7 MB.
System memory in use after: 86.6 MB.

Unloading 12 unused Assets to reduce memory usage. Loaded Objects now: 2304.
Total: 3.561000 ms (FindLiveObjects: 0.474400 ms CreateObjectMapping: 0.133900 ms MarkObjects: 2.752900 ms  DeleteObjects: 0.198500 ms)

========================================================================
Received Prepare
Registering precompiled user dll's ...
Registered in 0.002597 seconds.
Begin MonoManager ReloadAssembly
Native extension for WindowsStandalone target not found
Refreshing native plugins compatible for Editor in 0.65 ms, found 1 plugins.
Preloading 0 native plugins for Editor in 0.00 ms.
Mono: successfully reloaded assembly
- Completed reload, in  1.802 seconds
Platform modules already initialized, skipping
Refreshing native plugins compatible for Editor in 0.66 ms, found 1 plugins.
Preloading 0 native plugins for Editor in 0.00 ms.
Unloading 1825 Unused Serialized files (Serialized files now loaded: 0)
System memory in use before: 86.7 MB.
System memory in use after: 86.6 MB.

Unloading 12 unused Assets to reduce memory usage. Loaded Objects now: 2308.
Total: 3.430900 ms (FindLiveObjects: 0.419300 ms CreateObjectMapping: 0.117800 ms MarkObjects: 2.692700 ms  DeleteObjects: 0.199800 ms)

========================================================================
Received Prepare
Registering precompiled user dll's ...
Registered in 0.003245 seconds.
Begin MonoManager ReloadAssembly
Native extension for WindowsStandalone target not found
Refreshing native plugins compatible for Editor in 0.60 ms, found 1 plugins.
Preloading 0 native plugins for Editor in 0.00 ms.
Mono: successfully reloaded assembly
- Completed reload, in  1.830 seconds
Platform modules already initialized, skipping
Refreshing native plugins compatible for Editor in 0.66 ms, found 1 plugins.
Preloading 0 native plugins for Editor in 0.00 ms.
Unloading 1825 Unused Serialized files (Serialized files now loaded: 0)
System memory in use before: 86.7 MB.
System memory in use after: 86.7 MB.

Unloading 12 unused Assets to reduce memory usage. Loaded Objects now: 2312.
Total: 3.710500 ms (FindLiveObjects: 0.603700 ms CreateObjectMapping: 0.213500 ms MarkObjects: 2.664600 ms  DeleteObjects: 0.227100 ms)

========================================================================
Received Prepare
Registering precompiled user dll's ...
Registered in 0.002674 seconds.
Begin MonoManager ReloadAssembly
Native extension for WindowsStandalone target not found
Refreshing native plugins compatible for Editor in 0.60 ms, found 1 plugins.
Preloading 0 native plugins for Editor in 0.00 ms.
Mono: successfully reloaded assembly
- Completed reload, in  1.716 seconds
Platform modules already initialized, skipping
Refreshing native plugins compatible for Editor in 0.93 ms, found 1 plugins.
Preloading 0 native plugins for Editor in 0.00 ms.
Unloading 1825 Unused Serialized files (Serialized files now loaded: 0)
System memory in use before: 86.7 MB.
System memory in use after: 86.7 MB.

Unloading 12 unused Assets to reduce memory usage. Loaded Objects now: 2316.
Total: 3.943600 ms (FindLiveObjects: 0.516200 ms CreateObjectMapping: 0.142200 ms MarkObjects: 3.077000 ms  DeleteObjects: 0.206500 ms)

========================================================================
Received Import Request.
  Time since last request: 687.681322 seconds.
  path: Assets/Prefabs/exp_1.prefab
  artifactKey: Guid(de5c4c1d13746054eb055d275346d3a3) Importer(815301076,1909f56bfc062723c751e8b465ee728b)
Start importing Assets/Prefabs/exp_1.prefab using Guid(de5c4c1d13746054eb055d275346d3a3) Importer(815301076,1909f56bfc062723c751e8b465ee728b)  -> (artifact id: 'b416ceec724af0d889ee8b3c6e97c8db') in 0.208390 seconds
  Import took 0.213800 seconds .

========================================================================
Received Import Request.
  Time since last request: 13.014221 seconds.
  path: Assets/Sprites/move.png
  artifactKey: Guid(8143f75c21676d0428f8119706c7b636) Importer(815301076,1909f56bfc062723c751e8b465ee728b)
Start importing Assets/Sprites/move.png using Guid(8143f75c21676d0428f8119706c7b636) Importer(815301076,1909f56bfc062723c751e8b465ee728b)  -> (artifact id: '31d916d437d395c599ba851be537a648') in 0.196721 seconds
  Import took 0.203959 seconds .

========================================================================
Received Import Request.
  Time since last request: 1.264647 seconds.
  path: Assets/Prefabs/exp_1.prefab
  artifactKey: Guid(de5c4c1d13746054eb055d275346d3a3) Importer(815301076,1909f56bfc062723c751e8b465ee728b)
Start importing Assets/Prefabs/exp_1.prefab using Guid(de5c4c1d13746054eb055d275346d3a3) Importer(815301076,1909f56bfc062723c751e8b465ee728b)  -> (artifact id: '5995b909945c3501421beee0cd88bfd7') in 0.022418 seconds
  Import took 0.028449 seconds .

========================================================================
Received Prepare
Registering precompiled user dll's ...
Registered in 0.002158 seconds.
Begin MonoManager ReloadAssembly
Native extension for WindowsStandalone target not found
Refreshing native plugins compatible for Editor in 0.61 ms, found 1 plugins.
Preloading 0 native plugins for Editor in 0.00 ms.
Mono: successfully reloaded assembly
- Completed reload, in  1.916 seconds
Platform modules already initialized, skipping
Refreshing native plugins compatible for Editor in 0.64 ms, found 1 plugins.
Preloading 0 native plugins for Editor in 0.00 ms.
Unloading 1825 Unused Serialized files (Serialized files now loaded: 0)
System memory in use before: 89.9 MB.
System memory in use after: 89.8 MB.

Unloading 12 unused Assets to reduce memory usage. Loaded Objects now: 2352.
Total: 3.450500 ms (FindLiveObjects: 0.437000 ms CreateObjectMapping: 0.126200 ms MarkObjects: 2.692900 ms  DeleteObjects: 0.192500 ms)

========================================================================
Received Prepare
Registering precompiled user dll's ...
Registered in 0.002190 seconds.
Begin MonoManager ReloadAssembly
Native extension for WindowsStandalone target not found
Refreshing native plugins compatible for Editor in 0.63 ms, found 1 plugins.
Preloading 0 native plugins for Editor in 0.00 ms.
Mono: successfully reloaded assembly
- Completed reload, in  1.823 seconds
Platform modules already initialized, skipping
Refreshing native plugins compatible for Editor in 0.69 ms, found 1 plugins.
Preloading 0 native plugins for Editor in 0.00 ms.
Unloading 1825 Unused Serialized files (Serialized files now loaded: 0)
System memory in use before: 89.9 MB.
System memory in use after: 89.8 MB.

Unloading 12 unused Assets to reduce memory usage. Loaded Objects now: 2356.
Total: 3.649100 ms (FindLiveObjects: 0.486800 ms CreateObjectMapping: 0.336300 ms MarkObjects: 2.622900 ms  DeleteObjects: 0.201000 ms)

========================================================================
Received Prepare
Registering precompiled user dll's ...
Registered in 0.002286 seconds.
Begin MonoManager ReloadAssembly
Native extension for WindowsStandalone target not found
Refreshing native plugins compatible for Editor in 0.60 ms, found 1 plugins.
Preloading 0 native plugins for Editor in 0.00 ms.
Mono: successfully reloaded assembly
- Completed reload, in  1.748 seconds
Platform modules already initialized, skipping
Refreshing native plugins compatible for Editor in 0.61 ms, found 1 plugins.
Preloading 0 native plugins for Editor in 0.00 ms.
Unloading 1825 Unused Serialized files (Serialized files now loaded: 0)
System memory in use before: 89.9 MB.
System memory in use after: 89.8 MB.

Unloading 12 unused Assets to reduce memory usage. Loaded Objects now: 2360.
Total: 3.438800 ms (FindLiveObjects: 0.403300 ms CreateObjectMapping: 0.118900 ms MarkObjects: 2.687100 ms  DeleteObjects: 0.227100 ms)

========================================================================
Received Prepare
Registering precompiled user dll's ...
Registered in 0.002457 seconds.
Begin MonoManager ReloadAssembly
Native extension for WindowsStandalone target not found
Refreshing native plugins compatible for Editor in 0.64 ms, found 1 plugins.
Preloading 0 native plugins for Editor in 0.00 ms.
Mono: successfully reloaded assembly
- Completed reload, in  1.703 seconds
Platform modules already initialized, skipping
Refreshing native plugins compatible for Editor in 0.60 ms, found 1 plugins.
Preloading 0 native plugins for Editor in 0.00 ms.
Unloading 1825 Unused Serialized files (Serialized files now loaded: 0)
System memory in use before: 89.9 MB.
System memory in use after: 89.9 MB.

Unloading 12 unused Assets to reduce memory usage. Loaded Objects now: 2364.
Total: 3.653700 ms (FindLiveObjects: 0.493800 ms CreateObjectMapping: 0.183400 ms MarkObjects: 2.714200 ms  DeleteObjects: 0.260700 ms)

========================================================================
Received Import Request.
  Time since last request: 10132.963652 seconds.
  path: Assets/Sounds/steps_01.ogg
  artifactKey: Guid(0230f0bab1c67884382f7d30187bc74c) Importer(815301076,1909f56bfc062723c751e8b465ee728b)
Start importing Assets/Sounds/steps_01.ogg using Guid(0230f0bab1c67884382f7d30187bc74c) Importer(815301076,1909f56bfc062723c751e8b465ee728b)  -> (artifact id: 'd4e0235e2cd66f8179cd2c327a060ae5') in 0.224977 seconds
  Import took 0.235407 seconds .

========================================================================
Received Prepare
Registering precompiled user dll's ...
Registered in 0.002052 seconds.
Begin MonoManager ReloadAssembly
Native extension for WindowsStandalone target not found
Refreshing native plugins compatible for Editor in 0.70 ms, found 1 plugins.
Preloading 0 native plugins for Editor in 0.00 ms.
Mono: successfully reloaded assembly
- Completed reload, in  2.494 seconds
Platform modules already initialized, skipping
Refreshing native plugins compatible for Editor in 2.74 ms, found 1 plugins.
Preloading 0 native plugins for Editor in 0.00 ms.
Unloading 1825 Unused Serialized files (Serialized files now loaded: 0)
System memory in use before: 89.9 MB.
System memory in use after: 89.9 MB.

Unloading 12 unused Assets to reduce memory usage. Loaded Objects now: 2371.
Total: 4.119900 ms (FindLiveObjects: 0.955200 ms CreateObjectMapping: 0.128800 ms MarkObjects: 2.821400 ms  DeleteObjects: 0.212700 ms)

========================================================================
Received Prepare
Registering precompiled user dll's ...
Registered in 0.002641 seconds.
Begin MonoManager ReloadAssembly
Native extension for WindowsStandalone target not found
Refreshing native plugins compatible for Editor in 0.61 ms, found 1 plugins.
Preloading 0 native plugins for Editor in 0.00 ms.
Mono: successfully reloaded assembly
- Completed reload, in  2.004 seconds
Platform modules already initialized, skipping
Refreshing native plugins compatible for Editor in 0.63 ms, found 1 plugins.
Preloading 0 native plugins for Editor in 0.00 ms.
Unloading 1825 Unused Serialized files (Serialized files now loaded: 0)
System memory in use before: 90.0 MB.
System memory in use after: 89.9 MB.

Unloading 12 unused Assets to reduce memory usage. Loaded Objects now: 2375.
Total: 3.504800 ms (FindLiveObjects: 0.475100 ms CreateObjectMapping: 0.138500 ms MarkObjects: 2.673700 ms  DeleteObjects: 0.215000 ms)

========================================================================
Received Prepare
Registering precompiled user dll's ...
Registered in 0.002154 seconds.
Begin MonoManager ReloadAssembly
Native extension for WindowsStandalone target not found
Refreshing native plugins compatible for Editor in 0.68 ms, found 1 plugins.
Preloading 0 native plugins for Editor in 0.00 ms.
Mono: successfully reloaded assembly
- Completed reload, in  1.953 seconds
Platform modules already initialized, skipping
Refreshing native plugins compatible for Editor in 0.74 ms, found 1 plugins.
Preloading 0 native plugins for Editor in 0.00 ms.
Unloading 1825 Unused Serialized files (Serialized files now loaded: 0)
System memory in use before: 90.0 MB.
System memory in use after: 89.9 MB.

Unloading 12 unused Assets to reduce memory usage. Loaded Objects now: 2379.
Total: 3.827100 ms (FindLiveObjects: 0.636800 ms CreateObjectMapping: 0.246700 ms MarkObjects: 2.730800 ms  DeleteObjects: 0.210700 ms)

========================================================================
Received Prepare
Registering precompiled user dll's ...
Registered in 0.003187 seconds.
Begin MonoManager ReloadAssembly
Native extension for WindowsStandalone target not found
Refreshing native plugins compatible for Editor in 0.93 ms, found 1 plugins.
Preloading 0 native plugins for Editor in 0.00 ms.
Mono: successfully reloaded assembly
- Completed reload, in  2.502 seconds
Platform modules already initialized, skipping
Refreshing native plugins compatible for Editor in 0.64 ms, found 1 plugins.
Preloading 0 native plugins for Editor in 0.00 ms.
Unloading 1825 Unused Serialized files (Serialized files now loaded: 0)
System memory in use before: 90.0 MB.
System memory in use after: 89.9 MB.

Unloading 12 unused Assets to reduce memory usage. Loaded Objects now: 2383.
Total: 4.304600 ms (FindLiveObjects: 0.659900 ms CreateObjectMapping: 0.380100 ms MarkObjects: 3.045000 ms  DeleteObjects: 0.217600 ms)

========================================================================
Received Prepare
Registering precompiled user dll's ...
Registered in 0.002010 seconds.
Begin MonoManager ReloadAssembly
Native extension for WindowsStandalone target not found
Refreshing native plugins compatible for Editor in 0.62 ms, found 1 plugins.
Preloading 0 native plugins for Editor in 0.00 ms.
Mono: successfully reloaded assembly
- Completed reload, in  1.818 seconds
Platform modules already initialized, skipping
Refreshing native plugins compatible for Editor in 0.64 ms, found 1 plugins.
Preloading 0 native plugins for Editor in 0.00 ms.
Unloading 1825 Unused Serialized files (Serialized files now loaded: 0)
System memory in use before: 90.0 MB.
System memory in use after: 90.0 MB.

Unloading 12 unused Assets to reduce memory usage. Loaded Objects now: 2387.
Total: 4.406400 ms (FindLiveObjects: 1.278300 ms CreateObjectMapping: 0.122400 ms MarkObjects: 2.780200 ms  DeleteObjects: 0.223500 ms)

========================================================================
Received Prepare
Registering precompiled user dll's ...
Registered in 0.001917 seconds.
Begin MonoManager ReloadAssembly
Native extension for WindowsStandalone target not found
Refreshing native plugins compatible for Editor in 0.62 ms, found 1 plugins.
Preloading 0 native plugins for Editor in 0.00 ms.
Mono: successfully reloaded assembly
- Completed reload, in  1.768 seconds
Platform modules already initialized, skipping
Refreshing native plugins compatible for Editor in 0.62 ms, found 1 plugins.
Preloading 0 native plugins for Editor in 0.00 ms.
Unloading 1825 Unused Serialized files (Serialized files now loaded: 0)
System memory in use before: 90.0 MB.
System memory in use after: 90.0 MB.

Unloading 12 unused Assets to reduce memory usage. Loaded Objects now: 2391.
Total: 3.538000 ms (FindLiveObjects: 0.396100 ms CreateObjectMapping: 0.116700 ms MarkObjects: 2.818700 ms  DeleteObjects: 0.204700 ms)

========================================================================
Received Prepare
Registering precompiled user dll's ...
Registered in 0.003147 seconds.
Begin MonoManager ReloadAssembly
Native extension for WindowsStandalone target not found
Refreshing native plugins compatible for Editor in 0.60 ms, found 1 plugins.
Preloading 0 native plugins for Editor in 0.00 ms.
Mono: successfully reloaded assembly
- Completed reload, in  1.797 seconds
Platform modules already initialized, skipping
Refreshing native plugins compatible for Editor in 0.60 ms, found 1 plugins.
Preloading 0 native plugins for Editor in 0.00 ms.
Unloading 1825 Unused Serialized files (Serialized files now loaded: 0)
System memory in use before: 90.0 MB.
System memory in use after: 90.0 MB.

Unloading 12 unused Assets to reduce memory usage. Loaded Objects now: 2395.
Total: 3.518500 ms (FindLiveObjects: 0.431400 ms CreateObjectMapping: 0.126400 ms MarkObjects: 2.741400 ms  DeleteObjects: 0.217700 ms)

========================================================================
Received Prepare
Registering precompiled user dll's ...
Registered in 0.002134 seconds.
Begin MonoManager ReloadAssembly
Native extension for WindowsStandalone target not found
Refreshing native plugins compatible for Editor in 0.62 ms, found 1 plugins.
Preloading 0 native plugins for Editor in 0.00 ms.
Mono: successfully reloaded assembly
- Completed reload, in  1.771 seconds
Platform modules already initialized, skipping
Refreshing native plugins compatible for Editor in 0.66 ms, found 1 plugins.
Preloading 0 native plugins for Editor in 0.00 ms.
Unloading 1825 Unused Serialized files (Serialized files now loaded: 0)
System memory in use before: 90.0 MB.
System memory in use after: 90.0 MB.

Unloading 12 unused Assets to reduce memory usage. Loaded Objects now: 2399.
Total: 3.314900 ms (FindLiveObjects: 0.369200 ms CreateObjectMapping: 0.119800 ms MarkObjects: 2.607300 ms  DeleteObjects: 0.217100 ms)

========================================================================
Received Prepare
Registering precompiled user dll's ...
Registered in 0.002373 seconds.
Begin MonoManager ReloadAssembly
Native extension for WindowsStandalone target not found
Refreshing native plugins compatible for Editor in 0.60 ms, found 1 plugins.
Preloading 0 native plugins for Editor in 0.00 ms.
Mono: successfully reloaded assembly
- Completed reload, in  1.798 seconds
Platform modules already initialized, skipping
Refreshing native plugins compatible for Editor in 0.61 ms, found 1 plugins.
Preloading 0 native plugins for Editor in 0.00 ms.
Unloading 1825 Unused Serialized files (Serialized files now loaded: 0)
System memory in use before: 90.0 MB.
System memory in use after: 90.0 MB.

Unloading 12 unused Assets to reduce memory usage. Loaded Objects now: 2403.
Total: 4.041700 ms (FindLiveObjects: 0.729100 ms CreateObjectMapping: 0.135800 ms MarkObjects: 2.967100 ms  DeleteObjects: 0.208000 ms)

========================================================================
Received Prepare
Registering precompiled user dll's ...
Registered in 0.002395 seconds.
Begin MonoManager ReloadAssembly
Native extension for WindowsStandalone target not found
Refreshing native plugins compatible for Editor in 0.63 ms, found 1 plugins.
Preloading 0 native plugins for Editor in 0.00 ms.
Mono: successfully reloaded assembly
- Completed reload, in  1.783 seconds
Platform modules already initialized, skipping
Refreshing native plugins compatible for Editor in 0.60 ms, found 1 plugins.
Preloading 0 native plugins for Editor in 0.00 ms.
Unloading 1825 Unused Serialized files (Serialized files now loaded: 0)
System memory in use before: 90.0 MB.
System memory in use after: 90.0 MB.

Unloading 12 unused Assets to reduce memory usage. Loaded Objects now: 2407.
Total: 3.363900 ms (FindLiveObjects: 0.388800 ms CreateObjectMapping: 0.118500 ms MarkObjects: 2.652100 ms  DeleteObjects: 0.203100 ms)

========================================================================
Received Prepare
Registering precompiled user dll's ...
Registered in 0.002181 seconds.
Begin MonoManager ReloadAssembly
Native extension for WindowsStandalone target not found
Refreshing native plugins compatible for Editor in 0.60 ms, found 1 plugins.
Preloading 0 native plugins for Editor in 0.00 ms.
Mono: successfully reloaded assembly
- Completed reload, in  1.766 seconds
Platform modules already initialized, skipping
Refreshing native plugins compatible for Editor in 0.71 ms, found 1 plugins.
Preloading 0 native plugins for Editor in 0.00 ms.
Unloading 1825 Unused Serialized files (Serialized files now loaded: 0)
System memory in use before: 90.0 MB.
System memory in use after: 90.0 MB.

Unloading 12 unused Assets to reduce memory usage. Loaded Objects now: 2411.
Total: 3.814700 ms (FindLiveObjects: 0.510900 ms CreateObjectMapping: 0.147500 ms MarkObjects: 2.928900 ms  DeleteObjects: 0.225000 ms)

========================================================================
Received Prepare
Registering precompiled user dll's ...
Registered in 0.002419 seconds.
Begin MonoManager ReloadAssembly
Native extension for WindowsStandalone target not found
Refreshing native plugins compatible for Editor in 0.64 ms, found 1 plugins.
Preloading 0 native plugins for Editor in 0.00 ms.
Mono: successfully reloaded assembly
- Completed reload, in  1.772 seconds
Platform modules already initialized, skipping
Refreshing native plugins compatible for Editor in 0.69 ms, found 1 plugins.
Preloading 0 native plugins for Editor in 0.00 ms.
Unloading 1825 Unused Serialized files (Serialized files now loaded: 0)
System memory in use before: 90.0 MB.
System memory in use after: 90.0 MB.

Unloading 12 unused Assets to reduce memory usage. Loaded Objects now: 2415.
Total: 3.766200 ms (FindLiveObjects: 0.695300 ms CreateObjectMapping: 0.136800 ms MarkObjects: 2.668000 ms  DeleteObjects: 0.263800 ms)

========================================================================
Received Prepare
Registering precompiled user dll's ...
Registered in 0.001841 seconds.
Begin MonoManager ReloadAssembly
Native extension for WindowsStandalone target not found
Refreshing native plugins compatible for Editor in 0.73 ms, found 1 plugins.
Preloading 0 native plugins for Editor in 0.00 ms.
Mono: successfully reloaded assembly
- Completed reload, in  1.881 seconds
Platform modules already initialized, skipping
Refreshing native plugins compatible for Editor in 0.68 ms, found 1 plugins.
Preloading 0 native plugins for Editor in 0.00 ms.
Unloading 1825 Unused Serialized files (Serialized files now loaded: 0)
System memory in use before: 90.0 MB.
System memory in use after: 90.0 MB.

Unloading 12 unused Assets to reduce memory usage. Loaded Objects now: 2419.
Total: 5.542700 ms (FindLiveObjects: 1.593600 ms CreateObjectMapping: 0.154100 ms MarkObjects: 3.559900 ms  DeleteObjects: 0.232500 ms)

========================================================================
Received Prepare
Registering precompiled user dll's ...
Registered in 0.001952 seconds.
Begin MonoManager ReloadAssembly
Native extension for WindowsStandalone target not found
Refreshing native plugins compatible for Editor in 0.60 ms, found 1 plugins.
Preloading 0 native plugins for Editor in 0.00 ms.
Mono: successfully reloaded assembly
- Completed reload, in  1.763 seconds
Platform modules already initialized, skipping
Refreshing native plugins compatible for Editor in 0.62 ms, found 1 plugins.
Preloading 0 native plugins for Editor in 0.00 ms.
Unloading 1825 Unused Serialized files (Serialized files now loaded: 0)
System memory in use before: 90.1 MB.
System memory in use after: 90.0 MB.

Unloading 12 unused Assets to reduce memory usage. Loaded Objects now: 2423.
Total: 3.482000 ms (FindLiveObjects: 0.400300 ms CreateObjectMapping: 0.125300 ms MarkObjects: 2.747500 ms  DeleteObjects: 0.207400 ms)

========================================================================
Received Prepare
Registering precompiled user dll's ...
Registered in 0.002076 seconds.
Begin MonoManager ReloadAssembly
Native extension for WindowsStandalone target not found
Refreshing native plugins compatible for Editor in 1.12 ms, found 1 plugins.
Preloading 0 native plugins for Editor in 0.00 ms.
Mono: successfully reloaded assembly
- Completed reload, in  1.791 seconds
Platform modules already initialized, skipping
Refreshing native plugins compatible for Editor in 0.73 ms, found 1 plugins.
Preloading 0 native plugins for Editor in 0.00 ms.
Unloading 1825 Unused Serialized files (Serialized files now loaded: 0)
System memory in use before: 90.1 MB.
System memory in use after: 90.0 MB.

Unloading 12 unused Assets to reduce memory usage. Loaded Objects now: 2427.
Total: 3.784800 ms (FindLiveObjects: 0.459800 ms CreateObjectMapping: 0.135600 ms MarkObjects: 2.980700 ms  DeleteObjects: 0.206400 ms)

========================================================================
Received Prepare
Registering precompiled user dll's ...
Registered in 0.002056 seconds.
Begin MonoManager ReloadAssembly
Native extension for WindowsStandalone target not found
Refreshing native plugins compatible for Editor in 0.60 ms, found 1 plugins.
Preloading 0 native plugins for Editor in 0.00 ms.
Mono: successfully reloaded assembly
- Completed reload, in  1.683 seconds
Platform modules already initialized, skipping
Refreshing native plugins compatible for Editor in 0.60 ms, found 1 plugins.
Preloading 0 native plugins for Editor in 0.00 ms.
Unloading 1825 Unused Serialized files (Serialized files now loaded: 0)
System memory in use before: 90.1 MB.
System memory in use after: 90.0 MB.

Unloading 12 unused Assets to reduce memory usage. Loaded Objects now: 2431.
Total: 3.419200 ms (FindLiveObjects: 0.384800 ms CreateObjectMapping: 0.120600 ms MarkObjects: 2.711900 ms  DeleteObjects: 0.200700 ms)

========================================================================
Received Import Request.
  Time since last request: 3289.864550 seconds.
  path: Assets/Sounds/bombs_01.ogg
  artifactKey: Guid(be12f475faecd3b46a2179755b4b9dc8) Importer(815301076,1909f56bfc062723c751e8b465ee728b)
Start importing Assets/Sounds/bombs_01.ogg using Guid(be12f475faecd3b46a2179755b4b9dc8) Importer(815301076,1909f56bfc062723c751e8b465ee728b)  -> (artifact id: 'bc440dadb07d4eed5c8b37f0dcec1c84') in 0.122008 seconds
  Import took 0.129839 seconds .

========================================================================
Received Import Request.
  Time since last request: 0.000395 seconds.
  path: Assets/Sounds/upgrades_01.ogg
  artifactKey: Guid(0dd459afd3678444aa156a9e6b83e547) Importer(815301076,1909f56bfc062723c751e8b465ee728b)
Start importing Assets/Sounds/upgrades_01.ogg using Guid(0dd459afd3678444aa156a9e6b83e547) Importer(815301076,1909f56bfc062723c751e8b465ee728b)  -> (artifact id: '7cf7aaa4766584e78c62e86aa0cd66ff') in 0.059627 seconds
  Import took 0.064997 seconds .

========================================================================
Received Prepare
Registering precompiled user dll's ...
Registered in 0.002019 seconds.
Begin MonoManager ReloadAssembly
Native extension for WindowsStandalone target not found
Refreshing native plugins compatible for Editor in 0.69 ms, found 1 plugins.
Preloading 0 native plugins for Editor in 0.00 ms.
Mono: successfully reloaded assembly
- Completed reload, in  1.774 seconds
Platform modules already initialized, skipping
Refreshing native plugins compatible for Editor in 0.75 ms, found 1 plugins.
Preloading 0 native plugins for Editor in 0.00 ms.
Unloading 1825 Unused Serialized files (Serialized files now loaded: 0)
System memory in use before: 90.1 MB.
System memory in use after: 90.1 MB.

Unloading 12 unused Assets to reduce memory usage. Loaded Objects now: 2436.
Total: 3.602500 ms (FindLiveObjects: 0.388400 ms CreateObjectMapping: 0.120400 ms MarkObjects: 2.878300 ms  DeleteObjects: 0.213800 ms)

========================================================================
Received Prepare
Registering precompiled user dll's ...
Registered in 0.001988 seconds.
Begin MonoManager ReloadAssembly
Native extension for WindowsStandalone target not found
Refreshing native plugins compatible for Editor in 0.59 ms, found 1 plugins.
Preloading 0 native plugins for Editor in 0.00 ms.
Mono: successfully reloaded assembly
- Completed reload, in  1.720 seconds
Platform modules already initialized, skipping
Refreshing native plugins compatible for Editor in 0.61 ms, found 1 plugins.
Preloading 0 native plugins for Editor in 0.00 ms.
Unloading 1825 Unused Serialized files (Serialized files now loaded: 0)
System memory in use before: 90.1 MB.
System memory in use after: 90.1 MB.

Unloading 12 unused Assets to reduce memory usage. Loaded Objects now: 2440.
Total: 3.559100 ms (FindLiveObjects: 0.533600 ms CreateObjectMapping: 0.137500 ms MarkObjects: 2.675400 ms  DeleteObjects: 0.210900 ms)

========================================================================
Received Prepare
Registering precompiled user dll's ...
Registered in 0.002297 seconds.
Begin MonoManager ReloadAssembly
Native extension for WindowsStandalone target not found
Refreshing native plugins compatible for Editor in 0.60 ms, found 1 plugins.
Preloading 0 native plugins for Editor in 0.00 ms.
Mono: successfully reloaded assembly
- Completed reload, in  1.651 seconds
Platform modules already initialized, skipping
Refreshing native plugins compatible for Editor in 0.66 ms, found 1 plugins.
Preloading 0 native plugins for Editor in 0.00 ms.
Unloading 1825 Unused Serialized files (Serialized files now loaded: 0)
System memory in use before: 90.1 MB.
System memory in use after: 90.1 MB.

Unloading 12 unused Assets to reduce memory usage. Loaded Objects now: 2444.
Total: 3.468000 ms (FindLiveObjects: 0.410000 ms CreateObjectMapping: 0.128600 ms MarkObjects: 2.713100 ms  DeleteObjects: 0.214300 ms)

========================================================================
Received Prepare
Registering precompiled user dll's ...
Registered in 0.001969 seconds.
Begin MonoManager ReloadAssembly
Native extension for WindowsStandalone target not found
Refreshing native plugins compatible for Editor in 0.61 ms, found 1 plugins.
Preloading 0 native plugins for Editor in 0.00 ms.
Mono: successfully reloaded assembly
- Completed reload, in  1.740 seconds
Platform modules already initialized, skipping
Refreshing native plugins compatible for Editor in 0.61 ms, found 1 plugins.
Preloading 0 native plugins for Editor in 0.00 ms.
Unloading 1825 Unused Serialized files (Serialized files now loaded: 0)
System memory in use before: 90.1 MB.
System memory in use after: 90.1 MB.

Unloading 12 unused Assets to reduce memory usage. Loaded Objects now: 2448.
Total: 3.496700 ms (FindLiveObjects: 0.424500 ms CreateObjectMapping: 0.120200 ms MarkObjects: 2.716900 ms  DeleteObjects: 0.233300 ms)

========================================================================
Received Prepare
Registering precompiled user dll's ...
Registered in 0.003071 seconds.
Begin MonoManager ReloadAssembly
Native extension for WindowsStandalone target not found
Refreshing native plugins compatible for Editor in 0.59 ms, found 1 plugins.
Preloading 0 native plugins for Editor in 0.00 ms.
Mono: successfully reloaded assembly
- Completed reload, in  1.704 seconds
Platform modules already initialized, skipping
Refreshing native plugins compatible for Editor in 0.61 ms, found 1 plugins.
Preloading 0 native plugins for Editor in 0.00 ms.
Unloading 1825 Unused Serialized files (Serialized files now loaded: 0)
System memory in use before: 90.1 MB.
System memory in use after: 90.1 MB.

Unloading 12 unused Assets to reduce memory usage. Loaded Objects now: 2452.
Total: 3.457100 ms (FindLiveObjects: 0.413600 ms CreateObjectMapping: 0.127400 ms MarkObjects: 2.705000 ms  DeleteObjects: 0.209000 ms)

========================================================================
Received Prepare
Registering precompiled user dll's ...
Registered in 0.001954 seconds.
Begin MonoManager ReloadAssembly
Native extension for WindowsStandalone target not found
Refreshing native plugins compatible for Editor in 0.62 ms, found 1 plugins.
Preloading 0 native plugins for Editor in 0.00 ms.
Mono: successfully reloaded assembly
- Completed reload, in  1.730 seconds
Platform modules already initialized, skipping
Refreshing native plugins compatible for Editor in 0.64 ms, found 1 plugins.
Preloading 0 native plugins for Editor in 0.00 ms.
Unloading 1825 Unused Serialized files (Serialized files now loaded: 0)
System memory in use before: 90.1 MB.
System memory in use after: 90.1 MB.

Unloading 12 unused Assets to reduce memory usage. Loaded Objects now: 2456.
Total: 3.660900 ms (FindLiveObjects: 0.533800 ms CreateObjectMapping: 0.146500 ms MarkObjects: 2.776500 ms  DeleteObjects: 0.202500 ms)

========================================================================
Received Prepare
Registering precompiled user dll's ...
Registered in 0.001940 seconds.
Begin MonoManager ReloadAssembly
Native extension for WindowsStandalone target not found
Refreshing native plugins compatible for Editor in 0.63 ms, found 1 plugins.
Preloading 0 native plugins for Editor in 0.00 ms.
Mono: successfully reloaded assembly
- Completed reload, in  1.816 seconds
Platform modules already initialized, skipping
Refreshing native plugins compatible for Editor in 0.97 ms, found 1 plugins.
Preloading 0 native plugins for Editor in 0.00 ms.
Unloading 1825 Unused Serialized files (Serialized files now loaded: 0)
System memory in use before: 90.1 MB.
System memory in use after: 90.1 MB.

Unloading 12 unused Assets to reduce memory usage. Loaded Objects now: 2460.
Total: 4.139100 ms (FindLiveObjects: 0.719100 ms CreateObjectMapping: 0.137000 ms MarkObjects: 2.996800 ms  DeleteObjects: 0.224100 ms)

========================================================================
Received Prepare
Registering precompiled user dll's ...
Registered in 0.002016 seconds.
Begin MonoManager ReloadAssembly
Native extension for WindowsStandalone target not found
Refreshing native plugins compatible for Editor in 0.72 ms, found 1 plugins.
Preloading 0 native plugins for Editor in 0.00 ms.
Mono: successfully reloaded assembly
- Completed reload, in  1.823 seconds
Platform modules already initialized, skipping
Refreshing native plugins compatible for Editor in 0.60 ms, found 1 plugins.
Preloading 0 native plugins for Editor in 0.00 ms.
Unloading 1825 Unused Serialized files (Serialized files now loaded: 0)
System memory in use before: 90.1 MB.
System memory in use after: 90.1 MB.

Unloading 12 unused Assets to reduce memory usage. Loaded Objects now: 2464.
Total: 4.326200 ms (FindLiveObjects: 0.653200 ms CreateObjectMapping: 0.156100 ms MarkObjects: 3.295700 ms  DeleteObjects: 0.219100 ms)

========================================================================
Received Prepare
Registering precompiled user dll's ...
Registered in 0.002010 seconds.
Begin MonoManager ReloadAssembly
Native extension for WindowsStandalone target not found
Refreshing native plugins compatible for Editor in 0.64 ms, found 1 plugins.
Preloading 0 native plugins for Editor in 0.00 ms.
Mono: successfully reloaded assembly
- Completed reload, in  1.684 seconds
Platform modules already initialized, skipping
Refreshing native plugins compatible for Editor in 0.66 ms, found 1 plugins.
Preloading 0 native plugins for Editor in 0.00 ms.
Unloading 1825 Unused Serialized files (Serialized files now loaded: 0)
System memory in use before: 90.2 MB.
System memory in use after: 90.1 MB.

Unloading 12 unused Assets to reduce memory usage. Loaded Objects now: 2468.
Total: 3.507000 ms (FindLiveObjects: 0.386200 ms CreateObjectMapping: 0.116200 ms MarkObjects: 2.788400 ms  DeleteObjects: 0.214900 ms)

========================================================================
Received Prepare
Registering precompiled user dll's ...
Registered in 0.001949 seconds.
Begin MonoManager ReloadAssembly
Native extension for WindowsStandalone target not found
Refreshing native plugins compatible for Editor in 0.65 ms, found 1 plugins.
Preloading 0 native plugins for Editor in 0.00 ms.
Mono: successfully reloaded assembly
- Completed reload, in  1.753 seconds
Platform modules already initialized, skipping
Refreshing native plugins compatible for Editor in 0.66 ms, found 1 plugins.
Preloading 0 native plugins for Editor in 0.00 ms.
Unloading 1825 Unused Serialized files (Serialized files now loaded: 0)
System memory in use before: 90.2 MB.
System memory in use after: 90.1 MB.

Unloading 12 unused Assets to reduce memory usage. Loaded Objects now: 2472.
Total: 3.720500 ms (FindLiveObjects: 0.419400 ms CreateObjectMapping: 0.132900 ms MarkObjects: 2.950100 ms  DeleteObjects: 0.216400 ms)

========================================================================
Received Prepare
Registering precompiled user dll's ...
Registered in 0.002058 seconds.
Begin MonoManager ReloadAssembly
Native extension for WindowsStandalone target not found
Refreshing native plugins compatible for Editor in 1.42 ms, found 1 plugins.
Preloading 0 native plugins for Editor in 0.00 ms.
Mono: successfully reloaded assembly
- Completed reload, in  1.790 seconds
Platform modules already initialized, skipping
Refreshing native plugins compatible for Editor in 0.61 ms, found 1 plugins.
Preloading 0 native plugins for Editor in 0.00 ms.
Unloading 1825 Unused Serialized files (Serialized files now loaded: 0)
System memory in use before: 90.2 MB.
System memory in use after: 90.1 MB.

Unloading 12 unused Assets to reduce memory usage. Loaded Objects now: 2476.
Total: 3.911700 ms (FindLiveObjects: 0.453200 ms CreateObjectMapping: 0.126800 ms MarkObjects: 3.121800 ms  DeleteObjects: 0.208000 ms)

========================================================================
Received Prepare
Registering precompiled user dll's ...
Registered in 0.001923 seconds.
Begin MonoManager ReloadAssembly
Native extension for WindowsStandalone target not found
Refreshing native plugins compatible for Editor in 0.64 ms, found 1 plugins.
Preloading 0 native plugins for Editor in 0.00 ms.
Mono: successfully reloaded assembly
- Completed reload, in  1.749 seconds
Platform modules already initialized, skipping
Refreshing native plugins compatible for Editor in 0.62 ms, found 1 plugins.
Preloading 0 native plugins for Editor in 0.00 ms.
Unloading 1825 Unused Serialized files (Serialized files now loaded: 0)
System memory in use before: 90.2 MB.
System memory in use after: 90.2 MB.

Unloading 12 unused Assets to reduce memory usage. Loaded Objects now: 2480.
Total: 3.616600 ms (FindLiveObjects: 0.439400 ms CreateObjectMapping: 0.121200 ms MarkObjects: 2.850300 ms  DeleteObjects: 0.203800 ms)

========================================================================
Received Prepare
Registering precompiled user dll's ...
Registered in 0.002197 seconds.
Begin MonoManager ReloadAssembly
Native extension for WindowsStandalone target not found
Refreshing native plugins compatible for Editor in 0.59 ms, found 1 plugins.
Preloading 0 native plugins for Editor in 0.00 ms.
Mono: successfully reloaded assembly
- Completed reload, in  1.831 seconds
Platform modules already initialized, skipping
Refreshing native plugins compatible for Editor in 0.62 ms, found 1 plugins.
Preloading 0 native plugins for Editor in 0.00 ms.
Unloading 1825 Unused Serialized files (Serialized files now loaded: 0)
System memory in use before: 90.2 MB.
System memory in use after: 90.2 MB.

Unloading 12 unused Assets to reduce memory usage. Loaded Objects now: 2484.
Total: 3.651000 ms (FindLiveObjects: 0.393900 ms CreateObjectMapping: 0.118900 ms MarkObjects: 2.932900 ms  DeleteObjects: 0.203800 ms)

========================================================================
Received Import Request.
  Time since last request: 1283.511452 seconds.
  path: Assets/Script/DesaparecerMini.cs
  artifactKey: Guid(4f0fffff14dad2142bcd9e11c21ccfe8) Importer(815301076,1909f56bfc062723c751e8b465ee728b)
Start importing Assets/Script/DesaparecerMini.cs using Guid(4f0fffff14dad2142bcd9e11c21ccfe8) Importer(815301076,1909f56bfc062723c751e8b465ee728b)  -> (artifact id: 'd56561de1647f42e8fd744598ebb04af') in 0.016731 seconds
  Import took 0.022126 seconds .

========================================================================
Received Import Request.
  Time since last request: 72.558088 seconds.
  path: Assets/Script/DesaparecerBomb.cs
  artifactKey: Guid(d32dbff32dc6f514b8c9da90bef212eb) Importer(815301076,1909f56bfc062723c751e8b465ee728b)
Start importing Assets/Script/DesaparecerBomb.cs using Guid(d32dbff32dc6f514b8c9da90bef212eb) Importer(815301076,1909f56bfc062723c751e8b465ee728b)  -> (artifact id: '9c7d7f6f9997b087d9748823224e1c8a') in 0.019638 seconds
  Import took 0.026869 seconds .

========================================================================
Received Import Request.
  Time since last request: 5.148246 seconds.
  path: Assets/Script/DesaparecerShotgun.cs
  artifactKey: Guid(c08bb5a49c46ea74eba2277ea54ad9cb) Importer(815301076,1909f56bfc062723c751e8b465ee728b)
Start importing Assets/Script/DesaparecerShotgun.cs using Guid(c08bb5a49c46ea74eba2277ea54ad9cb) Importer(815301076,1909f56bfc062723c751e8b465ee728b)  -> (artifact id: 'e99aa2bea0a96331dbde33c394183170') in 0.018914 seconds
  Import took 0.025600 seconds .

========================================================================
Received Import Request.
  Time since last request: 14.269716 seconds.
  path: Assets/Prefabs/bombaspawn.prefab
  artifactKey: Guid(9998caba8f343fd49ad021cecc3e6b2f) Importer(815301076,1909f56bfc062723c751e8b465ee728b)
Start importing Assets/Prefabs/bombaspawn.prefab using Guid(9998caba8f343fd49ad021cecc3e6b2f) Importer(815301076,1909f56bfc062723c751e8b465ee728b)  -> (artifact id: 'ebb18f7bc2ae96e48a4fbcf0d0b3c0e3') in 0.127048 seconds
  Import took 0.134873 seconds .

========================================================================
Received Import Request.
  Time since last request: 0.000372 seconds.
  path: Assets/Prefabs/minigun.prefab
  artifactKey: Guid(42f71a3661f75b644a354809916bc34f) Importer(815301076,1909f56bfc062723c751e8b465ee728b)
Start importing Assets/Prefabs/minigun.prefab using Guid(42f71a3661f75b644a354809916bc34f) Importer(815301076,1909f56bfc062723c751e8b465ee728b)  -> (artifact id: '942e75accc602a3bbfc655cac3fe7251') in 0.042313 seconds
  Import took 0.053402 seconds .

========================================================================
Received Import Request.
  Time since last request: 0.000278 seconds.
  path: Assets/Prefabs/shotgun.prefab
  artifactKey: Guid(724deed1825b6f348b0e416a780dc3c5) Importer(815301076,1909f56bfc062723c751e8b465ee728b)
Start importing Assets/Prefabs/shotgun.prefab using Guid(724deed1825b6f348b0e416a780dc3c5) Importer(815301076,1909f56bfc062723c751e8b465ee728b)  -> (artifact id: '881690842354076a8d552770732236d0') in 0.045985 seconds
  Import took 0.052305 seconds .

========================================================================
Received Import Request.
  Time since last request: 0.000381 seconds.
  path: Assets/Prefabs/minigun.prefab
  artifactKey: Guid(42f71a3661f75b644a354809916bc34f) Importer(815301076,1909f56bfc062723c751e8b465ee728b)
Start importing Assets/Prefabs/minigun.prefab using Guid(42f71a3661f75b644a354809916bc34f) Importer(815301076,1909f56bfc062723c751e8b465ee728b)  -> (artifact id: '942e75accc602a3bbfc655cac3fe7251') in 0.025409 seconds
  Import took 0.031026 seconds .

========================================================================
Received Import Request.
  Time since last request: 0.000235 seconds.
  path: Assets/Prefabs/shotgun.prefab
  artifactKey: Guid(724deed1825b6f348b0e416a780dc3c5) Importer(815301076,1909f56bfc062723c751e8b465ee728b)
Start importing Assets/Prefabs/shotgun.prefab using Guid(724deed1825b6f348b0e416a780dc3c5) Importer(815301076,1909f56bfc062723c751e8b465ee728b)  -> (artifact id: '881690842354076a8d552770732236d0') in 0.025785 seconds
  Import took 0.032414 seconds .

========================================================================
Received Prepare
Registering precompiled user dll's ...
Registered in 0.002200 seconds.
Begin MonoManager ReloadAssembly
Native extension for WindowsStandalone target not found
Refreshing native plugins compatible for Editor in 0.64 ms, found 1 plugins.
Preloading 0 native plugins for Editor in 0.00 ms.
Mono: successfully reloaded assembly
- Completed reload, in  1.803 seconds
Platform modules already initialized, skipping
Refreshing native plugins compatible for Editor in 0.76 ms, found 1 plugins.
Preloading 0 native plugins for Editor in 0.00 ms.
Unloading 1825 Unused Serialized files (Serialized files now loaded: 0)
System memory in use before: 90.2 MB.
System memory in use after: 90.2 MB.

Unloading 12 unused Assets to reduce memory usage. Loaded Objects now: 2489.
Total: 4.057300 ms (FindLiveObjects: 0.456300 ms CreateObjectMapping: 0.158400 ms MarkObjects: 3.221200 ms  DeleteObjects: 0.219400 ms)

========================================================================
Received Prepare
Registering precompiled user dll's ...
Registered in 0.001911 seconds.
Begin MonoManager ReloadAssembly
Native extension for WindowsStandalone target not found
Refreshing native plugins compatible for Editor in 0.61 ms, found 1 plugins.
Preloading 0 native plugins for Editor in 0.00 ms.
Mono: successfully reloaded assembly
- Completed reload, in  1.739 seconds
Platform modules already initialized, skipping
Refreshing native plugins compatible for Editor in 0.61 ms, found 1 plugins.
Preloading 0 native plugins for Editor in 0.00 ms.
Unloading 1825 Unused Serialized files (Serialized files now loaded: 0)
System memory in use before: 90.2 MB.
System memory in use after: 90.2 MB.

Unloading 12 unused Assets to reduce memory usage. Loaded Objects now: 2493.
Total: 3.516500 ms (FindLiveObjects: 0.445300 ms CreateObjectMapping: 0.132300 ms MarkObjects: 2.732000 ms  DeleteObjects: 0.205000 ms)

========================================================================
Received Import Request.
  Time since last request: 111.033442 seconds.
  path: Assets/Prefabs/minigun.prefab
  artifactKey: Guid(42f71a3661f75b644a354809916bc34f) Importer(815301076,1909f56bfc062723c751e8b465ee728b)
Start importing Assets/Prefabs/minigun.prefab using Guid(42f71a3661f75b644a354809916bc34f) Importer(815301076,1909f56bfc062723c751e8b465ee728b)  -> (artifact id: '4447a4b743d65779b66a4514fa0bd726') in 0.094419 seconds
  Import took 0.099489 seconds .

========================================================================
Received Import Request.
  Time since last request: 0.000265 seconds.
  path: Assets/Prefabs/bombaspawn.prefab
  artifactKey: Guid(9998caba8f343fd49ad021cecc3e6b2f) Importer(815301076,1909f56bfc062723c751e8b465ee728b)
Start importing Assets/Prefabs/bombaspawn.prefab using Guid(9998caba8f343fd49ad021cecc3e6b2f) Importer(815301076,1909f56bfc062723c751e8b465ee728b)  -> (artifact id: 'bd92797397fc6afda036f3561c8a95dc') in 0.029333 seconds
  Import took 0.034171 seconds .

========================================================================
Received Import Request.
  Time since last request: 0.000247 seconds.
  path: Assets/Prefabs/shotgun.prefab
  artifactKey: Guid(724deed1825b6f348b0e416a780dc3c5) Importer(815301076,1909f56bfc062723c751e8b465ee728b)
Start importing Assets/Prefabs/shotgun.prefab using Guid(724deed1825b6f348b0e416a780dc3c5) Importer(815301076,1909f56bfc062723c751e8b465ee728b)  -> (artifact id: 'f683a7b9b3450a8fffb3a012b2028321') in 0.028591 seconds
  Import took 0.035287 seconds .

========================================================================
Received Import Request.
  Time since last request: 6.632694 seconds.
  path: Assets/Prefabs/bombaspawn.prefab
  artifactKey: Guid(9998caba8f343fd49ad021cecc3e6b2f) Importer(815301076,1909f56bfc062723c751e8b465ee728b)
Start importing Assets/Prefabs/bombaspawn.prefab using Guid(9998caba8f343fd49ad021cecc3e6b2f) Importer(815301076,1909f56bfc062723c751e8b465ee728b)  -> (artifact id: '7ddbf2d28f4f21c5dd7ff891d22f9f5f') in 0.028036 seconds
  Import took 0.034777 seconds .

========================================================================
Received Import Request.
  Time since last request: 12.540123 seconds.
  path: Assets/Prefabs/bombaspawn.prefab
  artifactKey: Guid(9998caba8f343fd49ad021cecc3e6b2f) Importer(815301076,1909f56bfc062723c751e8b465ee728b)
Start importing Assets/Prefabs/bombaspawn.prefab using Guid(9998caba8f343fd49ad021cecc3e6b2f) Importer(815301076,1909f56bfc062723c751e8b465ee728b)  -> (artifact id: 'f5313ffa91080523e40a5a8e6b09c05c') in 0.021922 seconds
  Import took 0.027975 seconds .

========================================================================
Received Import Request.
  Time since last request: 5.695007 seconds.
  path: Assets/Prefabs/minigun.prefab
  artifactKey: Guid(42f71a3661f75b644a354809916bc34f) Importer(815301076,1909f56bfc062723c751e8b465ee728b)
Start importing Assets/Prefabs/minigun.prefab using Guid(42f71a3661f75b644a354809916bc34f) Importer(815301076,1909f56bfc062723c751e8b465ee728b)  -> (artifact id: 'c1c3741813b68431eed28cd8936f7b6e') in 0.026936 seconds
  Import took 0.033049 seconds .

========================================================================
Received Import Request.
  Time since last request: 1.583173 seconds.
  path: Assets/Prefabs/minigun.prefab
  artifactKey: Guid(42f71a3661f75b644a354809916bc34f) Importer(815301076,1909f56bfc062723c751e8b465ee728b)
Start importing Assets/Prefabs/minigun.prefab using Guid(42f71a3661f75b644a354809916bc34f) Importer(815301076,1909f56bfc062723c751e8b465ee728b)  -> (artifact id: '097967e55bfb20e73988e07153a9281e') in 0.024798 seconds
  Import took 0.030907 seconds .

========================================================================
Received Import Request.
  Time since last request: 15.175695 seconds.
  path: Assets/Prefabs/minigun.prefab
  artifactKey: Guid(42f71a3661f75b644a354809916bc34f) Importer(815301076,1909f56bfc062723c751e8b465ee728b)
Start importing Assets/Prefabs/minigun.prefab using Guid(42f71a3661f75b644a354809916bc34f) Importer(815301076,1909f56bfc062723c751e8b465ee728b)  -> (artifact id: 'dce322b89d890a70f049846d5d6a4f3d') in 0.020512 seconds
  Import took 0.025956 seconds .

========================================================================
Received Import Request.
  Time since last request: 4.090690 seconds.
  path: Assets/Prefabs/shotgun.prefab
  artifactKey: Guid(724deed1825b6f348b0e416a780dc3c5) Importer(815301076,1909f56bfc062723c751e8b465ee728b)
Start importing Assets/Prefabs/shotgun.prefab using Guid(724deed1825b6f348b0e416a780dc3c5) Importer(815301076,1909f56bfc062723c751e8b465ee728b)  -> (artifact id: 'c9407071b22556b5813059199021808d') in 0.024892 seconds
  Import took 0.030721 seconds .

========================================================================
Received Import Request.
  Time since last request: 1.615611 seconds.
  path: Assets/Prefabs/shotgun.prefab
  artifactKey: Guid(724deed1825b6f348b0e416a780dc3c5) Importer(815301076,1909f56bfc062723c751e8b465ee728b)
Start importing Assets/Prefabs/shotgun.prefab using Guid(724deed1825b6f348b0e416a780dc3c5) Importer(815301076,1909f56bfc062723c751e8b465ee728b)  -> (artifact id: 'a491a6d7abb52c9c1f084288e3c3beab') in 0.032463 seconds
  Import took 0.040381 seconds .

========================================================================
Received Prepare
Registering precompiled user dll's ...
Registered in 0.002029 seconds.
Begin MonoManager ReloadAssembly
Native extension for WindowsStandalone target not found
Refreshing native plugins compatible for Editor in 0.61 ms, found 1 plugins.
Preloading 0 native plugins for Editor in 0.00 ms.
Mono: successfully reloaded assembly
- Completed reload, in  1.760 seconds
Platform modules already initialized, skipping
Refreshing native plugins compatible for Editor in 0.61 ms, found 1 plugins.
Preloading 0 native plugins for Editor in 0.00 ms.
Unloading 1825 Unused Serialized files (Serialized files now loaded: 0)
System memory in use before: 90.3 MB.
System memory in use after: 90.2 MB.

Unloading 12 unused Assets to reduce memory usage. Loaded Objects now: 2498.
Total: 3.793100 ms (FindLiveObjects: 0.655500 ms CreateObjectMapping: 0.150200 ms MarkObjects: 2.771900 ms  DeleteObjects: 0.214000 ms)

========================================================================
Received Prepare
Registering precompiled user dll's ...
Registered in 0.001911 seconds.
Begin MonoManager ReloadAssembly
Native extension for WindowsStandalone target not found
Refreshing native plugins compatible for Editor in 0.99 ms, found 1 plugins.
Preloading 0 native plugins for Editor in 0.00 ms.
Mono: successfully reloaded assembly
- Completed reload, in  1.848 seconds
Platform modules already initialized, skipping
Refreshing native plugins compatible for Editor in 0.63 ms, found 1 plugins.
Preloading 0 native plugins for Editor in 0.00 ms.
Unloading 1825 Unused Serialized files (Serialized files now loaded: 0)
System memory in use before: 90.3 MB.
System memory in use after: 90.2 MB.

Unloading 12 unused Assets to reduce memory usage. Loaded Objects now: 2502.
Total: 5.036900 ms (FindLiveObjects: 1.426800 ms CreateObjectMapping: 0.137500 ms MarkObjects: 3.229600 ms  DeleteObjects: 0.240600 ms)

========================================================================
Received Prepare
Registering precompiled user dll's ...
Registered in 0.002716 seconds.
Begin MonoManager ReloadAssembly
Native extension for WindowsStandalone target not found
Refreshing native plugins compatible for Editor in 0.62 ms, found 1 plugins.
Preloading 0 native plugins for Editor in 0.00 ms.
Mono: successfully reloaded assembly
- Completed reload, in  1.688 seconds
Platform modules already initialized, skipping
Refreshing native plugins compatible for Editor in 0.87 ms, found 1 plugins.
Preloading 0 native plugins for Editor in 0.00 ms.
Unloading 1825 Unused Serialized files (Serialized files now loaded: 0)
System memory in use before: 90.3 MB.
System memory in use after: 90.2 MB.

Unloading 12 unused Assets to reduce memory usage. Loaded Objects now: 2506.
Total: 3.760900 ms (FindLiveObjects: 0.488600 ms CreateObjectMapping: 0.141900 ms MarkObjects: 2.919900 ms  DeleteObjects: 0.208400 ms)

========================================================================
Received Import Request.
  Time since last request: 173.091787 seconds.
  path: Assets/Prefabs/shotgun.prefab
  artifactKey: Guid(724deed1825b6f348b0e416a780dc3c5) Importer(815301076,1909f56bfc062723c751e8b465ee728b)
Start importing Assets/Prefabs/shotgun.prefab using Guid(724deed1825b6f348b0e416a780dc3c5) Importer(815301076,1909f56bfc062723c751e8b465ee728b)  -> (artifact id: '01e915facd4c12a9fb02142ce742ea8c') in 0.102260 seconds
  Import took 0.108441 seconds .

========================================================================
Received Import Request.
  Time since last request: 0.017990 seconds.
  path: Assets/Prefabs/shotgun.prefab
  artifactKey: Guid(724deed1825b6f348b0e416a780dc3c5) Importer(815301076,1909f56bfc062723c751e8b465ee728b)
Start importing Assets/Prefabs/shotgun.prefab using Guid(724deed1825b6f348b0e416a780dc3c5) Importer(815301076,1909f56bfc062723c751e8b465ee728b)  -> (artifact id: '01e915facd4c12a9fb02142ce742ea8c') in 0.023347 seconds
  Import took 0.029898 seconds .

========================================================================
Received Prepare
Registering precompiled user dll's ...
Registered in 0.002136 seconds.
Begin MonoManager ReloadAssembly
Native extension for WindowsStandalone target not found
Refreshing native plugins compatible for Editor in 0.60 ms, found 1 plugins.
Preloading 0 native plugins for Editor in 0.00 ms.
Mono: successfully reloaded assembly
- Completed reload, in  1.804 seconds
Platform modules already initialized, skipping
Refreshing native plugins compatible for Editor in 0.71 ms, found 1 plugins.
Preloading 0 native plugins for Editor in 0.00 ms.
Unloading 1825 Unused Serialized files (Serialized files now loaded: 0)
System memory in use before: 90.3 MB.
System memory in use after: 90.3 MB.

Unloading 12 unused Assets to reduce memory usage. Loaded Objects now: 2511.
Total: 6.964800 ms (FindLiveObjects: 1.507400 ms CreateObjectMapping: 0.618500 ms MarkObjects: 4.583600 ms  DeleteObjects: 0.252800 ms)

========================================================================
Received Import Request.
  Time since last request: 103.149501 seconds.
  path: Assets/Prefabs/shotgun.prefab
  artifactKey: Guid(724deed1825b6f348b0e416a780dc3c5) Importer(815301076,1909f56bfc062723c751e8b465ee728b)
Start importing Assets/Prefabs/shotgun.prefab using Guid(724deed1825b6f348b0e416a780dc3c5) Importer(815301076,1909f56bfc062723c751e8b465ee728b)  -> (artifact id: '594de577e88a90482df387a12c20222c') in 0.114698 seconds
  Import took 0.123450 seconds .

========================================================================
Received Import Request.
  Time since last request: 0.006039 seconds.
  path: Assets/Prefabs/shotgun.prefab
  artifactKey: Guid(724deed1825b6f348b0e416a780dc3c5) Importer(815301076,1909f56bfc062723c751e8b465ee728b)
Start importing Assets/Prefabs/shotgun.prefab using Guid(724deed1825b6f348b0e416a780dc3c5) Importer(815301076,1909f56bfc062723c751e8b465ee728b)  -> (artifact id: '594de577e88a90482df387a12c20222c') in 0.025133 seconds
  Import took 0.034501 seconds .

========================================================================
Received Import Request.
  Time since last request: 2.828411 seconds.
  path: Assets/Prefabs/minigun.prefab
  artifactKey: Guid(42f71a3661f75b644a354809916bc34f) Importer(815301076,1909f56bfc062723c751e8b465ee728b)
Start importing Assets/Prefabs/minigun.prefab using Guid(42f71a3661f75b644a354809916bc34f) Importer(815301076,1909f56bfc062723c751e8b465ee728b)  -> (artifact id: '427c3e34c92db778b88791ada09d20c3') in 0.025005 seconds
  Import took 0.032112 seconds .

========================================================================
Received Import Request.
  Time since last request: 2.785624 seconds.
  path: Assets/Prefabs/bombaspawn.prefab
  artifactKey: Guid(9998caba8f343fd49ad021cecc3e6b2f) Importer(815301076,1909f56bfc062723c751e8b465ee728b)
Start importing Assets/Prefabs/bombaspawn.prefab using Guid(9998caba8f343fd49ad021cecc3e6b2f) Importer(815301076,1909f56bfc062723c751e8b465ee728b)  -> (artifact id: '65f1d1b655ee508857612154d4234de8') in 0.029665 seconds
  Import took 0.037319 seconds .

========================================================================
Received Import Request.
  Time since last request: 4.044472 seconds.
  path: Assets/Prefabs/minigun.prefab
  artifactKey: Guid(42f71a3661f75b644a354809916bc34f) Importer(815301076,1909f56bfc062723c751e8b465ee728b)
Start importing Assets/Prefabs/minigun.prefab using Guid(42f71a3661f75b644a354809916bc34f) Importer(815301076,1909f56bfc062723c751e8b465ee728b)  -> (artifact id: '4308caaf86d933a312f44dc05ea5626f') in 0.025535 seconds
  Import took 0.032196 seconds .

========================================================================
Received Prepare
Registering precompiled user dll's ...
Registered in 0.002155 seconds.
Begin MonoManager ReloadAssembly
Native extension for WindowsStandalone target not found
Refreshing native plugins compatible for Editor in 0.71 ms, found 1 plugins.
Preloading 0 native plugins for Editor in 0.00 ms.
Mono: successfully reloaded assembly
- Completed reload, in  1.803 seconds
Platform modules already initialized, skipping
Refreshing native plugins compatible for Editor in 0.72 ms, found 1 plugins.
Preloading 0 native plugins for Editor in 0.00 ms.
Unloading 1825 Unused Serialized files (Serialized files now loaded: 0)
System memory in use before: 90.3 MB.
System memory in use after: 90.3 MB.

Unloading 12 unused Assets to reduce memory usage. Loaded Objects now: 2516.
Total: 3.567500 ms (FindLiveObjects: 0.463100 ms CreateObjectMapping: 0.126600 ms MarkObjects: 2.750900 ms  DeleteObjects: 0.225500 ms)

========================================================================
Received Prepare
Registering precompiled user dll's ...
Registered in 0.001894 seconds.
Begin MonoManager ReloadAssembly
Native extension for WindowsStandalone target not found
Refreshing native plugins compatible for Editor in 0.88 ms, found 1 plugins.
Preloading 0 native plugins for Editor in 0.00 ms.
Mono: successfully reloaded assembly
- Completed reload, in  1.716 seconds
Platform modules already initialized, skipping
Refreshing native plugins compatible for Editor in 0.60 ms, found 1 plugins.
Preloading 0 native plugins for Editor in 0.00 ms.
Unloading 1825 Unused Serialized files (Serialized files now loaded: 0)
System memory in use before: 90.3 MB.
System memory in use after: 90.3 MB.

Unloading 12 unused Assets to reduce memory usage. Loaded Objects now: 2520.
Total: 4.170000 ms (FindLiveObjects: 0.896300 ms CreateObjectMapping: 0.135100 ms MarkObjects: 2.896400 ms  DeleteObjects: 0.239900 ms)

========================================================================
Received Prepare
Registering precompiled user dll's ...
Registered in 0.001986 seconds.
Begin MonoManager ReloadAssembly
Native extension for WindowsStandalone target not found
Refreshing native plugins compatible for Editor in 0.71 ms, found 1 plugins.
Preloading 0 native plugins for Editor in 0.00 ms.
Mono: successfully reloaded assembly
- Completed reload, in  1.758 seconds
Platform modules already initialized, skipping
Refreshing native plugins compatible for Editor in 0.64 ms, found 1 plugins.
Preloading 0 native plugins for Editor in 0.00 ms.
Unloading 1825 Unused Serialized files (Serialized files now loaded: 0)
System memory in use before: 90.3 MB.
System memory in use after: 90.3 MB.

Unloading 12 unused Assets to reduce memory usage. Loaded Objects now: 2524.
Total: 3.655100 ms (FindLiveObjects: 0.508300 ms CreateObjectMapping: 0.138300 ms MarkObjects: 2.787000 ms  DeleteObjects: 0.220100 ms)

========================================================================
Received Prepare
Registering precompiled user dll's ...
Registered in 0.002499 seconds.
Begin MonoManager ReloadAssembly
Native extension for WindowsStandalone target not found
Refreshing native plugins compatible for Editor in 0.61 ms, found 1 plugins.
Preloading 0 native plugins for Editor in 0.00 ms.
Mono: successfully reloaded assembly
- Completed reload, in  1.728 seconds
Platform modules already initialized, skipping
Refreshing native plugins compatible for Editor in 0.60 ms, found 1 plugins.
Preloading 0 native plugins for Editor in 0.00 ms.
Unloading 1825 Unused Serialized files (Serialized files now loaded: 0)
System memory in use before: 90.3 MB.
System memory in use after: 90.3 MB.

Unloading 12 unused Assets to reduce memory usage. Loaded Objects now: 2528.
Total: 4.040700 ms (FindLiveObjects: 0.949500 ms CreateObjectMapping: 0.193100 ms MarkObjects: 2.690400 ms  DeleteObjects: 0.206200 ms)

========================================================================
Received Import Request.
  Time since last request: 645.720338 seconds.
  path: Assets/Sprites/move.png
  artifactKey: Guid(8143f75c21676d0428f8119706c7b636) Importer(815301076,1909f56bfc062723c751e8b465ee728b)
Start importing Assets/Sprites/move.png using Guid(8143f75c21676d0428f8119706c7b636) Importer(815301076,1909f56bfc062723c751e8b465ee728b)  -> (artifact id: '104c267196534948652ec3bbdd370dd4') in 0.201841 seconds
  Import took 0.208306 seconds .

========================================================================
Received Import Request.
  Time since last request: 28.656707 seconds.
  path: Assets/Sprites/move.png
  artifactKey: Guid(8143f75c21676d0428f8119706c7b636) Importer(815301076,1909f56bfc062723c751e8b465ee728b)
Start importing Assets/Sprites/move.png using Guid(8143f75c21676d0428f8119706c7b636) Importer(815301076,1909f56bfc062723c751e8b465ee728b)  -> (artifact id: '4e782b5e80601e5f0790bf6c5c94fa9e') in 0.132605 seconds
  Import took 0.138223 seconds .

========================================================================
Received Import Request.
  Time since last request: 335.396374 seconds.
  path: Assets/Sprites/move.png
  artifactKey: Guid(8143f75c21676d0428f8119706c7b636) Importer(815301076,1909f56bfc062723c751e8b465ee728b)
Start importing Assets/Sprites/move.png using Guid(8143f75c21676d0428f8119706c7b636) Importer(815301076,1909f56bfc062723c751e8b465ee728b)  -> (artifact id: '05c079b80548ca251d7e92705a4976ff') in 0.154319 seconds
  Import took 0.160352 seconds .

========================================================================
Received Import Request.
  Time since last request: 18.613400 seconds.
  path: Assets/Sprites/move.png
  artifactKey: Guid(8143f75c21676d0428f8119706c7b636) Importer(815301076,1909f56bfc062723c751e8b465ee728b)
Start importing Assets/Sprites/move.png using Guid(8143f75c21676d0428f8119706c7b636) Importer(815301076,1909f56bfc062723c751e8b465ee728b)  -> (artifact id: 'd6560a31d7a550341f6a1e8f8419f6fc') in 0.139376 seconds
  Import took 0.144883 seconds .

========================================================================
Received Prepare
Registering precompiled user dll's ...
Registered in 0.002082 seconds.
Begin MonoManager ReloadAssembly
Native extension for WindowsStandalone target not found
Refreshing native plugins compatible for Editor in 0.62 ms, found 1 plugins.
Preloading 0 native plugins for Editor in 0.00 ms.
Mono: successfully reloaded assembly
- Completed reload, in  1.676 seconds
Platform modules already initialized, skipping
Refreshing native plugins compatible for Editor in 0.66 ms, found 1 plugins.
Preloading 0 native plugins for Editor in 0.00 ms.
Unloading 1825 Unused Serialized files (Serialized files now loaded: 0)
System memory in use before: 90.3 MB.
System memory in use after: 90.3 MB.

Unloading 12 unused Assets to reduce memory usage. Loaded Objects now: 2537.
Total: 3.630600 ms (FindLiveObjects: 0.443800 ms CreateObjectMapping: 0.128600 ms MarkObjects: 2.854100 ms  DeleteObjects: 0.202600 ms)

========================================================================
Received Import Request.
  Time since last request: 302.874955 seconds.
  path: Assets/Sprites/move.png
  artifactKey: Guid(8143f75c21676d0428f8119706c7b636) Importer(815301076,1909f56bfc062723c751e8b465ee728b)
Start importing Assets/Sprites/move.png using Guid(8143f75c21676d0428f8119706c7b636) Importer(815301076,1909f56bfc062723c751e8b465ee728b)  -> (artifact id: '2d9a98b3b24aef1644092187bfa8e607') in 0.198993 seconds
  Import took 0.204401 seconds .

========================================================================
Received Prepare
Registering precompiled user dll's ...
Registered in 0.002099 seconds.
Begin MonoManager ReloadAssembly
Native extension for WindowsStandalone target not found
Refreshing native plugins compatible for Editor in 0.62 ms, found 1 plugins.
Preloading 0 native plugins for Editor in 0.00 ms.
Mono: successfully reloaded assembly
- Completed reload, in  1.765 seconds
Platform modules already initialized, skipping
Refreshing native plugins compatible for Editor in 0.85 ms, found 1 plugins.
Preloading 0 native plugins for Editor in 0.00 ms.
Unloading 1825 Unused Serialized files (Serialized files now loaded: 0)
System memory in use before: 90.4 MB.
System memory in use after: 90.3 MB.

Unloading 12 unused Assets to reduce memory usage. Loaded Objects now: 2542.
Total: 3.601700 ms (FindLiveObjects: 0.471900 ms CreateObjectMapping: 0.124200 ms MarkObjects: 2.794200 ms  DeleteObjects: 0.209800 ms)

========================================================================
Received Import Request.
  Time since last request: 1716.589755 seconds.
  path: Assets/Sprites/atlas2.png
  artifactKey: Guid(895ca8d3bb0535647890c7d3757347d2) Importer(815301076,1909f56bfc062723c751e8b465ee728b)
Start importing Assets/Sprites/atlas2.png using Guid(895ca8d3bb0535647890c7d3757347d2) Importer(815301076,1909f56bfc062723c751e8b465ee728b)  -> (artifact id: '8cc343d6ad5a231ec06be2d0af91f09e') in 0.180660 seconds
  Import took 0.188352 seconds .

========================================================================
Received Import Request.
  Time since last request: 222.959191 seconds.
  path: Assets/TextMesh Pro/Sprites/EmojiOne.png
  artifactKey: Guid(dffef66376be4fa480fb02b19edbe903) Importer(815301076,1909f56bfc062723c751e8b465ee728b)
Start importing Assets/TextMesh Pro/Sprites/EmojiOne.png using Guid(dffef66376be4fa480fb02b19edbe903) Importer(815301076,1909f56bfc062723c751e8b465ee728b)  -> (artifact id: 'afeb1b28908fce42afdf73a1a3a7e33d') in 0.030690 seconds
  Import took 0.038299 seconds .

========================================================================
Received Import Request.
  Time since last request: 0.290116 seconds.
  path: Assets/TextMesh Pro/Resources/Fonts & Materials/LiberationSans SDF - Fallback.asset
  artifactKey: Guid(2e498d1c8094910479dc3e1b768306a4) Importer(815301076,1909f56bfc062723c751e8b465ee728b)
Start importing Assets/TextMesh Pro/Resources/Fonts & Materials/LiberationSans SDF - Fallback.asset using Guid(2e498d1c8094910479dc3e1b768306a4) Importer(815301076,1909f56bfc062723c751e8b465ee728b)  -> (artifact id: '3b614a4d5c4466b29e2ef0d1044c6660') in 0.192455 seconds
  Import took 0.203708 seconds .

========================================================================
Received Import Request.
  Time since last request: 0.000598 seconds.
  path: Assets/Fonts/VCR_OSD_MONO_1.asset
  artifactKey: Guid(d8744fbd610614449a26fc10adf99b8c) Importer(815301076,1909f56bfc062723c751e8b465ee728b)
Start importing Assets/Fonts/VCR_OSD_MONO_1.asset using Guid(d8744fbd610614449a26fc10adf99b8c) Importer(815301076,1909f56bfc062723c751e8b465ee728b)  -> (artifact id: 'e54df617eceb58232d2146e10bf9743d') in 0.077690 seconds
  Import took 0.084354 seconds .

========================================================================
Received Import Request.
  Time since last request: 0.000275 seconds.
  path: Assets/TextMesh Pro/Resources/Fonts & Materials/LiberationSans SDF - Fallback.asset
  artifactKey: Guid(2e498d1c8094910479dc3e1b768306a4) Importer(815301076,1909f56bfc062723c751e8b465ee728b)
Start importing Assets/TextMesh Pro/Resources/Fonts & Materials/LiberationSans SDF - Fallback.asset using Guid(2e498d1c8094910479dc3e1b768306a4) Importer(815301076,1909f56bfc062723c751e8b465ee728b)  -> (artifact id: '3b614a4d5c4466b29e2ef0d1044c6660') in 0.027602 seconds
  Import took 0.033902 seconds .

========================================================================
Received Import Request.
  Time since last request: 0.000290 seconds.
  path: Assets/TextMesh Pro/Resources/Fonts & Materials/LiberationSans SDF.asset
  artifactKey: Guid(8f586378b4e144a9851e7b34d9b748ee) Importer(815301076,1909f56bfc062723c751e8b465ee728b)
Start importing Assets/TextMesh Pro/Resources/Fonts & Materials/LiberationSans SDF.asset using Guid(8f586378b4e144a9851e7b34d9b748ee) Importer(815301076,1909f56bfc062723c751e8b465ee728b)  -> (artifact id: 'f2787ec1056042f08499273a248d87cc') in 0.094311 seconds
  Import took 0.099871 seconds .

========================================================================
Received Import Request.
  Time since last request: 136.283301 seconds.
  path: Assets/Sprites/atlas2.png
  artifactKey: Guid(895ca8d3bb0535647890c7d3757347d2) Importer(815301076,1909f56bfc062723c751e8b465ee728b)
Start importing Assets/Sprites/atlas2.png using Guid(895ca8d3bb0535647890c7d3757347d2) Importer(815301076,1909f56bfc062723c751e8b465ee728b)  -> (artifact id: '8f1c33e458bab7b7358c1a8c18a39919') in 0.048722 seconds
  Import took 0.058968 seconds .

========================================================================
Received Import Request.
  Time since last request: 11.254890 seconds.
  path: Assets/Sprites/atlas2.png
  artifactKey: Guid(895ca8d3bb0535647890c7d3757347d2) Importer(815301076,1909f56bfc062723c751e8b465ee728b)
Start importing Assets/Sprites/atlas2.png using Guid(895ca8d3bb0535647890c7d3757347d2) Importer(815301076,1909f56bfc062723c751e8b465ee728b)  -> (artifact id: '8e9c88905e6c755a9d3bd395fd0f5438') in 0.035326 seconds
  Import took 0.049092 seconds .

========================================================================
Received Import Request.
  Time since last request: 23.326835 seconds.
  path: Assets/Sprites/atlas2.png
  artifactKey: Guid(895ca8d3bb0535647890c7d3757347d2) Importer(815301076,1909f56bfc062723c751e8b465ee728b)
Start importing Assets/Sprites/atlas2.png using Guid(895ca8d3bb0535647890c7d3757347d2) Importer(815301076,1909f56bfc062723c751e8b465ee728b)  -> (artifact id: '89e1c8f5a3aa860cd02a44b678c99c5f') in 0.035157 seconds
  Import took 0.041596 seconds .

========================================================================
Received Import Request.
  Time since last request: 154.361200 seconds.
  path: Assets/Sprites/icon.png
  artifactKey: Guid(b50e25e1d5c4ab7439654f9071c8b990) Importer(815301076,1909f56bfc062723c751e8b465ee728b)
Start importing Assets/Sprites/icon.png using Guid(b50e25e1d5c4ab7439654f9071c8b990) Importer(815301076,1909f56bfc062723c751e8b465ee728b)  -> (artifact id: '0c8ae40392a86161532bff995f430720') in 0.048681 seconds
  Import took 0.054801 seconds .

========================================================================
Received Prepare
Refreshing native plugins compatible for Editor in 4.34 ms, found 1 plugins.
Preloading 0 native plugins for Editor in 0.00 ms.
Unloading 10 Unused Serialized files (Serialized files now loaded: 0)
System memory in use before: 55.6 MB.
System memory in use after: 55.6 MB.

Unloading 10 unused Assets to reduce memory usage. Loaded Objects now: 2584.
Total: 4.495400 ms (FindLiveObjects: 0.469100 ms CreateObjectMapping: 0.120200 ms MarkObjects: 3.685400 ms  DeleteObjects: 0.219300 ms)

AssetImportWorkerClient::OnTransportError - code=2 error=End of file
